<html>
	<head>
		<meta/>
		<meta/>
		<meta/>
		<title>
		</title>
	</head>
	<body>
		<main>
			<aside>
				<aside>
				</aside>
			</aside>
			<section>
				<section>
					<section>
						<ul>
							<li>
								<a>
								</a>
							</li>
							<li>
								<a>
								</a>
							</li>
							<li>
								<a>
								</a>
							</li>
							<li>
								<a>
								</a>
							</li>
						</ul>
					</section>
					<div>
						<section>
							<div>
								<div>
									<h1>
									</h1>
									<sup>
									</sup>
								</div>
								<div>
									<h3>
										<span>
										</span>
									</h3>
									<div>
										<div>
											<div>
												<span>
													<span>
													</span>
													<span>
													</span>
													<span>
													</span>
												</span>
												<button>
												</button>
											</div>
											<div>
												<span>
												</span>
												<button>
												</button>
											</div>
										</div>
									</div>
								</div>
							</div>
						</section>
					</div>
				</section>
			</section>
		</main>
	</body>
</html>