Source File Size: 27920 bytes.
AAA
1
or <
A.A.A.
[ <
trip
-<
uh
l-<
ey
SHOW IPA
/ ˈtrɪp əlˈeɪ  /
PHONETIC RESPELLING
New Word List
Word List
Save This Word!
abbreviation, noun
American Automobile Association.
QUIZ
SHALL WE PLAY A &quot;SHALL&quot; VS. &quot;SHOULD&quot; CHALLENGE?
Should you take this quiz on “shall” versus “should”? It should prove to be a quick challenge!
6
Which form is used to state an obligation or duty someone has?
shall
should
Words nearby <
AAA
A2 level
, <
A3
, <
A4
, <
A5
, <
aa
, <
AAA
, <
AAAA
, <
A.A.A.L.
, <
A.A.A.S.
, <
Aachen
, <
A.A.E.E.
Other definitions for
AAA
2 of 3)
AAA
2
abbreviation
Agricultural Adjustment Administration.
Amateur Athletic Association.
Also <
A.A.A.
antiaircraft artillery.
Automobile Association of America.
Also <
A.A.A.
Other definitions for
AAA
3 of 3)
AAA
3
Symbol
.
a proportional shoe width size, narrower than AA.
the highest quality rating for a corporate or municipal bond.
Electricity
. 
a battery size for 1.5-volt dry cells: diameter, 0.4 inch (1 centimeter); length 1.7 inches (4.3 centimeters).
Dictionary.com Unabridged
Based on the Random House Unabridged Dictionary, © Random House, Inc. 2022
n a sentence
.css-12x6sdt.expandable.content-hidden >.expandable-content{display:none;}.css-12x6sdt.expandable.content-expanded >.expandable-content{display:block;}
It kept its <
AAA
redit rating; GDP per capita climbed; inflation and unemployment are still low; and the dollar is strong.
Australia Wants to Open the Great Barrier Reef to Dumping
|
Kirsten Alexander
|
June 2, 2014
|
DAILY BEAST
Objects included “speaker wire, an <
AAA
attery, open safety pins, a plastic cup, straws, a marble, and a cotton-tipped swab.”
Sounding Takes Off, but Injuries (Fork in the Penis!) Are Inevitable
|
Kent Sepkowitz
|
August 20, 2013
|
DAILY BEAST
Filling up continues to be painful—the average gasoline price is $3.47, according to <
AAA
.
Young Americans Are Abandoning Car Ownership and Driving
|
William O’Connor
|
July 5, 2013
|
DAILY BEAST
It has warned that it will lower the U.S. credit rating from <
AAA
f no deal is reached come Jan. 1.
The U.S. Credit Rating Might Get Downgraded Again, But Does Anyone Care?
|
Matthew Zeitlin
|
November 14, 2012
|
DAILY BEAST
But if one of the major ratings agencies says the U.S. is no longer <
AAA
nd a recession looms, what will happen to the U.S. debt?
The U.S. Credit Rating Might Get Downgraded Again, But Does Anyone Care?
|
Matthew Zeitlin
|
November 14, 2012
|
DAILY BEAST
It may be loaded with larger shot—say <
AAA
—which is effective up to fifty yards.
Unexplored Spain
|
Abel Chapman
We are in the market for 500 <
AAA
kunk, males and females for breeding purposes.
Fur Farming For Profit
|
Hermon Basil Laymon
After taking over the line the battalion will stand fast <
aaa
.
The 116th Battalion in France
|
E. P. S. Allen
So now he crouched in the dusk of the hedge, and said "Maa-<
aaa
!"
The Surprising Adventures of Sir Toady Lion With Those of General Napoleon Smith
|
S. R. Crockett
We pay from $5 to $15 each for grade <
AAA
ccording to time of year, locality and size.
Fur Farming For Profit
|
Hermon Basil Laymon
SEE MORE EXAMPLES
SEE FEWER EXAMPLES


British Dictionary definitions for
AAA
AAA
abbreviation for
British
Amateur Athletic Association
anti-aircraft artillery
See also <
triple A
US
Automobile Association of America
Automobile Association of Australia
Collins English Dictionary - Complete &amp; Unabridged 2012 Digital Edition 
© William Collins Sons &amp; Co. Ltd. 1979, 1986 © HarperCollins 
Publishers 1998, 2000, 2003, 2005, 2006, 2007, 2009, 2012
.css-4gncwa{cursor:pointer;height:300px;-webkit-text-decoration:none;text-decoration:none;width:300px;}@media only screen and (max-width: 768px){.css-4gncwa{padding:20px 0px;}}.css-4gncwa:hover{-webkit-text-decoration:none;text-decoration:none;}
.css-q7lslr{-webkit-align-items:center;-webkit-box-align:center;-ms-flex-align:center;align-items:center;background-color:transparent;border:12px solid #FFFFFF;border-radius:50%;box-sizing:border-box;color:black;display:-webkit-box;display:-webkit-flex;display:-ms-flexbox;display:flex;-webkit-box-flex-flow:column nowrap;-webkit-flex-flow:column nowrap;-ms-flex-flow:column nowrap;flex-flow:column nowrap;height:288px;-webkit-hyphens:auto;-moz-hyphens:auto;-ms-hyphens:auto;hyphens:auto;-webkit-box-pack:center;-ms-flex-pack:center;-webkit-justify-content:center;justify-content:center;text-align:center;width:288px;word-break:break-word;}
.css-22m7p2{color:#4A4A4A;font-family:arial;font-size:14px;margin:0;-webkit-order:1;-ms-flex-order:1;order:1;}
WORD OF THE DAY
.css-6dg87m{color:#4A4A4A;font-family:arial;font-size:2em;font-weight:900;line-height:36px;margin:2px 0;-webkit-order:2;-ms-flex-order:2;order:2;}
phlogiston
.css-16dkso5{color:#4A4A4A;font-family:arial;line-height:1;margin:0 0 12px 0;-webkit-order:3;-ms-flex-order:3;order:3;text-align:center;}
.css-m8vdf3{display:inline;margin:0;}.css-m8vdf3 .italic{font-style:italic;}.css-m8vdf3 .bold{font-weight:bold;}
noun
.css-1ubub3z{display:inline;margin:0;display:inline;}.css-1ubub3z .italic{font-style:italic;}.css-1ubub3z .bold{font-weight:bold;}
 
.css-q7gca3{display:inline;margin:0;font-size:16px;}.css-q7gca3 .italic{font-style:italic;}.css-q7gca3 .bold{font-weight:bold;}
[floh-<
jis
-ton, -t<
uh
n ]
.css-1j91ihr{background-color:transparent;border:none;color:#979797;font-family:'dictionary-fonticon';font-size:19px;margin-left:5px;}.css-1j91ihr::before{content:'\e803';position:relative;top:3px;}
.css-vx5y5j{color:#00248B;font-family:arial;font-size:12px;-webkit-order:4;-ms-flex-order:4;order:4;-webkit-text-decoration:none;text-decoration:none;}.css-vx5y5j:hover{-webkit-text-decoration:underline;text-decoration:underline;}
SEE DEFINITION
Displaying 399 nodes in Tree


Displaying 341 nodes in Tree
(main)
	|
	+--->(section)
	|	|
	|	+--->(section)
	|	|	|
	|	|	+--->(section)
	|	|	|	|
	|	|	|	+--->(ul)
	|	|	|	|	|
	|	|	|	|	+--->(li)
	|	|	|	|	|	|
	|	|	|	|	|	+--->(a)
	|	|	|	|	|
	|	|	|	|	+--->(li)
	|	|	|	|	|	|
	|	|	|	|	|	+--->(a)
	|	|	|	|	|
	|	|	|	|	+--->(li)
	|	|	|	|	|	|
	|	|	|	|	|	+--->(a)
	|	|	|	|	|
	|	|	|	|	+--->(li)
	|	|	|	|	|	|
	|	|	|	|	|	+--->(a)
	|	|	|
	|	|	+--->(div)
	|	|	|	|
	|	|	|	+--->(section)
	|	|	|	|	|
	|	|	|	|	+--->(div)
	|	|	|	|	|	|
	|	|	|	|	|	+--->(div)
	|	|	|	|	|	|	|
	|	|	|	|	|	|	+--->(h1)
	|	|	|	|	|	|	|
	|	|	|	|	|	|	+--->(sup)
	|	|	|	|	|	|
	|	|	|	|	|	+--->(div)
	|	|	|	|	|	|	|
	|	|	|	|	|	|	+--->(h3)
	|	|	|	|	|	|	|	|
	|	|	|	|	|	|	|	+--->(span)
	|	|	|	|	|	|	|
	|	|	|	|	|	|	+--->(div)
	|	|	|	|	|	|	|	|
	|	|	|	|	|	|	|	+--->(div)
	|	|	|	|	|	|	|	|	|
	|	|	|	|	|	|	|	|	+--->(div)
	|	|	|	|	|	|	|	|	|	|
	|	|	|	|	|	|	|	|	|	+--->(span)
	|	|	|	|	|	|	|	|	|	|	|
	|	|	|	|	|	|	|	|	|	|	+--->(span)
	|	|	|	|	|	|	|	|	|	|	|
	|	|	|	|	|	|	|	|	|	|	+--->(span)
	|	|	|	|	|	|	|	|	|	|	|
	|	|	|	|	|	|	|	|	|	|	+--->(span)
	|	|	|	|	|	|	|	|	|	|
	|	|	|	|	|	|	|	|	|	+--->(button)
	|	|	|	|	|	|	|	|	|
	|	|	|	|	|	|	|	|	+--->(div)
	|	|	|	|	|	|	|	|	|	|
	|	|	|	|	|	|	|	|	|	+--->(span)
	|	|	|	|	|	|	|	|	|	|
	|	|	|	|	|	|	|	|	|	+--->(button)
	|	|	|	|	|	|	|
	|	|	|	|	|	|	+--->(div)
	|	|	|	|	|	|	|	|
	|	|	|	|	|	|	|	+--->(div)
	|	|	|	|	|	|	|	|	|
	|	|	|	|	|	|	|	|	+--->(button)
	|	|	|	|	|	|	|	|	|	|
	|	|	|	|	|	|	|	|	|	+--->(span)
	|	|	|	|	|	|	|	|	|
	|	|	|	|	|	|	|	|	+--->(audio)
	|	|	|	|	|	|	|	|	|	|
	|	|	|	|	|	|	|	|	|	+--->(source)
	|	|	|	|	|	|	|	|	|	|
	|	|	|	|	|	|	|	|	|	+--->(source)
	|	|	|	|	|	|	|	|
	|	|	|	|	|	|	|	+--->(div)
	|	|	|	|	|	|	|	|	|
	|	|	|	|	|	|	|	|	+--->(button)
	|	|	|	|	|	|	|	|	|	|
	|	|	|	|	|	|	|	|	|	+--->(div)
	|	|	|	|	|	|	|	|	|	|	|
	|	|	|	|	|	|	|	|	|	|	+--->(span)
	|	|	|	|	|	|	|	|	|	|	|
	|	|	|	|	|	|	|	|	|	|	+--->(span)
	|	|	|	|	|	|	|	|	|
	|	|	|	|	|	|	|	|	+--->(button)
	|	|	|	|	|	|	|	|	|	|
	|	|	|	|	|	|	|	|	|	+--->(div)
	|	|	|	|	|	|	|	|	|	|	|
	|	|	|	|	|	|	|	|	|	|	+--->(span)
	|	|	|	|	|	|	|	|	|	|	|
	|	|	|	|	|	|	|	|	|	|	+--->(span)
	|	|	|	|	|	|	|	|	|
	|	|	|	|	|	|	|	|	+--->(div)
	|	|	|	|	|	|	|	|	|	|
	|	|	|	|	|	|	|	|	|	+--->(ul)
	|	|	|	|	|	|	|	|	|	|	|
	|	|	|	|	|	|	|	|	|	|	+--->(li)
	|	|	|	|	|	|	|	|	|	|	|	|
	|	|	|	|	|	|	|	|	|	|	|	+--->(a)
	|	|	|	|	|	|	|	|	|	|	|
	|	|	|	|	|	|	|	|	|	|	+--->(div)
	|	|	|	|	|	|	|	|	|	|	|	|
	|	|	|	|	|	|	|	|	|	|	|	+--->(li)
	|	|	|	|	|	|	|	|	|	|	|	|	|
	|	|	|	|	|	|	|	|	|	|	|	|	+--->(button)
	|	|	|	|	|	|	|	|	|	|	|	|	|
	|	|	|	|	|	|	|	|	|	|	|	|	+--->(span)
	|	|	|	|	|	|	|	|	|
	|	|	|	|	|	|	|	|	+--->(div)
	|	|	|	|	|	|	|	|	|	|
	|	|	|	|	|	|	|	|	|	+--->(span)
	|	|	|	|	|	|	|	|	|	|
	|	|	|	|	|	|	|	|	|	+--->(div)
	|	|	|	|	|
	|	|	|	|	+--->(div)
	|	|	|	|	|	|
	|	|	|	|	|	+--->(div)
	|	|	|	|	|
	|	|	|	|	+--->(hr)
	|	|	|	|
	|	|	|	+--->(section)
	|	|	|	|	|
	|	|	|	|	+--->(div)
	|	|	|	|	|	|
	|	|	|	|	|	+--->(span)
	|	|	|	|	|	|	|
	|	|	|	|	|	|	+--->(span)
	|	|	|	|	|
	|	|	|	|	+--->(div)
	|	|	|	|	|	|
	|	|	|	|	|	+--->(div)
	|	|	|	|	|	|	|
	|	|	|	|	|	|	+--->(span)
	|	|	|
	|	|	+--->(div)
	|	|	|
	|	|	+--->(div)
	|	|	|	|
	|	|	|	+--->(div)
	|	|	|	|
	|	|	|	+--->(div)
	|	|	|	|	|
	|	|	|	|	+--->(div)
	|	|	|	|	|
	|	|	|	|	+--->(div)
	|	|	|	|	|
	|	|	|	|	+--->(div)
	|	|	|	|	|
	|	|	|	|	+--->(div)
	|	|	|	|
	|	|	|	+--->(div)
	|	|	|	|	|
	|	|	|	|	+--->(a)
	|	|	|	|	|	|
	|	|	|	|	|	+--->(div)
	|	|	|	|	|
	|	|	|	|	+--->(a)
	|	|	|	|	|	|
	|	|	|	|	|	+--->(div)
	|	|	|	|	|
	|	|	|	|	+--->(a)
	|	|	|
	|	|	+--->(div)
	|	|	|
	|	|	+--->(div)
	|	|	|
	|	|	+--->(section)
	|	|	|	|
	|	|	|	+--->(div)
	|	|	|	|
	|	|	|	+--->(div)
	|	|	|
	|	|	+--->(div)
	|	|	|	|
	|	|	|	+--->(h2)
	|	|	|	|	|
	|	|	|	|	+--->(span)
	|	|	|	|
	|	|	|	+--->(div)
	|	|	|	|	|
	|	|	|	|	+--->(a)
	|	|	|	|	|
	|	|	|	|	+--->(a)
	|	|	|	|	|
	|	|	|	|	+--->(a)
	|	|	|	|	|
	|	|	|	|	+--->(a)
	|	|	|	|	|
	|	|	|	|	+--->(a)
	|	|	|	|	|
	|	|	|	|	+--->(span)
	|	|	|	|	|
	|	|	|	|	+--->(a)
	|	|	|	|	|
	|	|	|	|	+--->(a)
	|	|	|	|	|
	|	|	|	|	+--->(a)
	|	|	|	|	|
	|	|	|	|	+--->(a)
	|	|	|	|	|
	|	|	|	|	+--->(a)
	|	|	|
	|	|	+--->(div)
	|	|	|
	|	|	+--->(h2)
	|	|	|	|
	|	|	|	+--->(span)
	|	|	|	|
	|	|	|	+--->(span)
	|	|	|	|
	|	|	|	+--->(span)
	|	|	|
	|	|	+--->(div)
	|	|	|
	|	|	+--->(div)
	|	|	|	|
	|	|	|	+--->(section)
	|	|	|	|	|
	|	|	|	|	+--->(div)
	|	|	|	|	|	|
	|	|	|	|	|	+--->(div)
	|	|	|	|	|	|	|
	|	|	|	|	|	|	+--->(span)
	|	|	|	|	|	|	|
	|	|	|	|	|	|	+--->(sup)
	|	|	|	|	|	|
	|	|	|	|	|	+--->(div)
	|	|	|	|	|	|	|
	|	|	|	|	|	|	+--->(div)
	|	|	|	|	|	|	|
	|	|	|	|	|	|	+--->(div)
	|	|	|	|
	|	|	|	+--->(hr)
	|	|	|	|
	|	|	|	+--->(section)
	|	|	|	|	|
	|	|	|	|	+--->(div)
	|	|	|	|	|	|
	|	|	|	|	|	+--->(span)
	|	|	|	|	|	|	|
	|	|	|	|	|	|	+--->(span)
	|	|	|	|	|
	|	|	|	|	+--->(div)
	|	|	|	|	|	|
	|	|	|	|	|	+--->(div)
	|	|	|	|	|	|	|
	|	|	|	|	|	|	+--->(span)
	|	|	|	|	|	|
	|	|	|	|	|	+--->(div)
	|	|	|	|	|	|	|
	|	|	|	|	|	|	+--->(span)
	|	|	|	|	|	|	|
	|	|	|	|	|	|	+--->(span)
	|	|	|	|	|	|	|	|
	|	|	|	|	|	|	|	+--->(span)
	|	|	|	|	|	|
	|	|	|	|	|	+--->(div)
	|	|	|	|	|	|	|
	|	|	|	|	|	|	+--->(span)
	|	|	|	|	|	|
	|	|	|	|	|	+--->(div)
	|	|	|	|	|	|	|
	|	|	|	|	|	|	+--->(span)
	|	|	|	|	|	|	|
	|	|	|	|	|	|	+--->(span)
	|	|	|	|	|	|	|	|
	|	|	|	|	|	|	|	+--->(span)
	|	|	|
	|	|	+--->(section)
	|	|	|	|
	|	|	|	+--->(div)
	|	|	|	|
	|	|	|	+--->(div)
	|	|	|
	|	|	+--->(h2)
	|	|	|	|
	|	|	|	+--->(span)
	|	|	|	|
	|	|	|	+--->(span)
	|	|	|	|
	|	|	|	+--->(span)
	|	|	|
	|	|	+--->(div)
	|	|	|
	|	|	+--->(div)
	|	|	|	|
	|	|	|	+--->(section)
	|	|	|	|	|
	|	|	|	|	+--->(div)
	|	|	|	|	|	|
	|	|	|	|	|	+--->(div)
	|	|	|	|	|	|	|
	|	|	|	|	|	|	+--->(span)
	|	|	|	|	|	|	|
	|	|	|	|	|	|	+--->(sup)
	|	|	|	|	|	|
	|	|	|	|	|	+--->(div)
	|	|	|	|	|	|	|
	|	|	|	|	|	|	+--->(div)
	|	|	|	|	|	|	|
	|	|	|	|	|	|	+--->(div)
	|	|	|	|
	|	|	|	+--->(hr)
	|	|	|	|
	|	|	|	+--->(section)
	|	|	|	|	|
	|	|	|	|	+--->(div)
	|	|	|	|	|	|
	|	|	|	|	|	+--->(span)
	|	|	|	|	|	|
	|	|	|	|	|	+--->(span)
	|	|	|	|	|	|	|
	|	|	|	|	|	|	+--->(span)
	|	|	|	|	|
	|	|	|	|	+--->(div)
	|	|	|	|	|	|
	|	|	|	|	|	+--->(div)
	|	|	|	|	|	|	|
	|	|	|	|	|	|	+--->(span)
	|	|	|	|	|	|
	|	|	|	|	|	+--->(div)
	|	|	|	|	|	|	|
	|	|	|	|	|	|	+--->(span)
	|	|	|	|	|	|
	|	|	|	|	|	+--->(div)
	|	|	|	|	|	|	|
	|	|	|	|	|	|	+--->(span)
	|	|	|	|	|	|	|	|
	|	|	|	|	|	|	|	+--->(span)
	|	|	|	|	|	|	|
	|	|	|	|	|	|	+--->(span)
	|	|	|
	|	|	+--->(section)
	|	|	|	|
	|	|	|	+--->(div)
	|	|	|	|
	|	|	|	+--->(div)
	|	|	|
	|	|	+--->(div)
	|	|	|
	|	|	+--->(section)
	|	|	|	|
	|	|	|	+--->(div)
	|	|	|	|
	|	|	|	+--->(div)
	|	|	|	|	|
	|	|	|	|	+--->(h2)
	|	|	|	|	|
	|	|	|	|	+--->(style)
	|	|	|	|	|
	|	|	|	|	+--->(div)
	|	|	|	|	|	|
	|	|	|	|	|	+--->(div)
	|	|	|	|	|	|	|
	|	|	|	|	|	|	+--->(ul)
	|	|	|	|	|	|	|	|
	|	|	|	|	|	|	|	+--->(li)
	|	|	|	|	|	|	|	|	|
	|	|	|	|	|	|	|	|	+--->(p)
	|	|	|	|	|	|	|	|	|	|
	|	|	|	|	|	|	|	|	|	+--->(span)
	|	|	|	|	|	|	|	|	|
	|	|	|	|	|	|	|	|	+--->(div)
	|	|	|	|	|	|	|	|	|	|
	|	|	|	|	|	|	|	|	|	+--->(div)
	|	|	|	|	|	|	|	|	|	|	|
	|	|	|	|	|	|	|	|	|	|	+--->(span)
	|	|	|	|	|	|	|	|	|	|	|	|
	|	|	|	|	|	|	|	|	|	|	|	+--->(a)
	|	|	|	|	|	|	|	|	|	|	|
	|	|	|	|	|	|	|	|	|	|	+--->(span)
	|	|	|	|	|	|	|	|	|	|	|	|
	|	|	|	|	|	|	|	|	|	|	|	+--->(span)
	|	|	|	|	|	|	|	|	|	|	|
	|	|	|	|	|	|	|	|	|	|	+--->(span)
	|	|	|	|	|	|	|	|	|	|	|	|
	|	|	|	|	|	|	|	|	|	|	|	+--->(span)
	|	|	|	|	|	|	|	|	|	|	|
	|	|	|	|	|	|	|	|	|	|	+--->(a)
	|	|	|	|	|	|	|	|	|	|	|	|
	|	|	|	|	|	|	|	|	|	|	|	+--->(span)
	|	|	|	|	|	|	|	|
	|	|	|	|	|	|	|	+--->(li)
	|	|	|	|	|	|	|	|	|
	|	|	|	|	|	|	|	|	+--->(p)
	|	|	|	|	|	|	|	|	|	|
	|	|	|	|	|	|	|	|	|	+--->(span)
	|	|	|	|	|	|	|	|	|
	|	|	|	|	|	|	|	|	+--->(div)
	|	|	|	|	|	|	|	|	|	|
	|	|	|	|	|	|	|	|	|	+--->(div)
	|	|	|	|	|	|	|	|	|	|	|
	|	|	|	|	|	|	|	|	|	|	+--->(span)
	|	|	|	|	|	|	|	|	|	|	|	|
	|	|	|	|	|	|	|	|	|	|	|	+--->(a)
	|	|	|	|	|	|	|	|	|	|	|
	|	|	|	|	|	|	|	|	|	|	+--->(span)
	|	|	|	|	|	|	|	|	|	|	|	|
	|	|	|	|	|	|	|	|	|	|	|	+--->(span)
	|	|	|	|	|	|	|	|	|	|	|
	|	|	|	|	|	|	|	|	|	|	+--->(span)
	|	|	|	|	|	|	|	|	|	|	|	|
	|	|	|	|	|	|	|	|	|	|	|	+--->(span)
	|	|	|	|	|	|	|	|	|	|	|
	|	|	|	|	|	|	|	|	|	|	+--->(a)
	|	|	|	|	|	|	|	|	|	|	|	|
	|	|	|	|	|	|	|	|	|	|	|	+--->(span)
	|	|	|	|	|	|	|	|
	|	|	|	|	|	|	|	+--->(li)
	|	|	|	|	|	|	|	|	|
	|	|	|	|	|	|	|	|	+--->(p)
	|	|	|	|	|	|	|	|	|	|
	|	|	|	|	|	|	|	|	|	+--->(span)
	|	|	|	|	|	|	|	|	|
	|	|	|	|	|	|	|	|	+--->(div)
	|	|	|	|	|	|	|	|	|	|
	|	|	|	|	|	|	|	|	|	+--->(div)
	|	|	|	|	|	|	|	|	|	|	|
	|	|	|	|	|	|	|	|	|	|	+--->(span)
	|	|	|	|	|	|	|	|	|	|	|	|
	|	|	|	|	|	|	|	|	|	|	|	+--->(a)
	|	|	|	|	|	|	|	|	|	|	|
	|	|	|	|	|	|	|	|	|	|	+--->(span)
	|	|	|	|	|	|	|	|	|	|	|	|
	|	|	|	|	|	|	|	|	|	|	|	+--->(span)
	|	|	|	|	|	|	|	|	|	|	|
	|	|	|	|	|	|	|	|	|	|	+--->(span)
	|	|	|	|	|	|	|	|	|	|	|	|
	|	|	|	|	|	|	|	|	|	|	|	+--->(span)
	|	|	|	|	|	|	|	|	|	|	|
	|	|	|	|	|	|	|	|	|	|	+--->(a)
	|	|	|	|	|	|	|	|	|	|	|	|
	|	|	|	|	|	|	|	|	|	|	|	+--->(span)
	|	|	|	|	|	|	|	|
	|	|	|	|	|	|	|	+--->(li)
	|	|	|	|	|	|	|	|	|
	|	|	|	|	|	|	|	|	+--->(p)
	|	|	|	|	|	|	|	|	|	|
	|	|	|	|	|	|	|	|	|	+--->(span)
	|	|	|	|	|	|	|	|	|
	|	|	|	|	|	|	|	|	+--->(div)
	|	|	|	|	|	|	|	|	|	|
	|	|	|	|	|	|	|	|	|	+--->(div)
	|	|	|	|	|	|	|	|	|	|	|
	|	|	|	|	|	|	|	|	|	|	+--->(span)
	|	|	|	|	|	|	|	|	|	|	|	|
	|	|	|	|	|	|	|	|	|	|	|	+--->(a)
	|	|	|	|	|	|	|	|	|	|	|
	|	|	|	|	|	|	|	|	|	|	+--->(span)
	|	|	|	|	|	|	|	|	|	|	|	|
	|	|	|	|	|	|	|	|	|	|	|	+--->(span)
	|	|	|	|	|	|	|	|	|	|	|
	|	|	|	|	|	|	|	|	|	|	+--->(span)
	|	|	|	|	|	|	|	|	|	|	|	|
	|	|	|	|	|	|	|	|	|	|	|	+--->(span)
	|	|	|	|	|	|	|	|	|	|	|
	|	|	|	|	|	|	|	|	|	|	+--->(a)
	|	|	|	|	|	|	|	|	|	|	|	|
	|	|	|	|	|	|	|	|	|	|	|	+--->(span)
	|	|	|	|	|	|
	|	|	|	|	|	+--->(div)
	|	|	|	|	|	|	|
	|	|	|	|	|	|	+--->(ul)
	|	|	|	|	|	|	|	|
	|	|	|	|	|	|	|	+--->(li)
	|	|	|	|	|	|	|	|	|
	|	|	|	|	|	|	|	|	+--->(p)
	|	|	|	|	|	|	|	|	|	|
	|	|	|	|	|	|	|	|	|	+--->(span)
	|	|	|	|	|	|	|	|	|
	|	|	|	|	|	|	|	|	+--->(div)
	|	|	|	|	|	|	|	|	|	|
	|	|	|	|	|	|	|	|	|	+--->(div)
	|	|	|	|	|	|	|	|	|	|	|
	|	|	|	|	|	|	|	|	|	|	+--->(span)
	|	|	|	|	|	|	|	|	|	|	|	|
	|	|	|	|	|	|	|	|	|	|	|	+--->(a)
	|	|	|	|	|	|	|	|	|	|	|
	|	|	|	|	|	|	|	|	|	|	+--->(span)
	|	|	|	|	|	|	|	|	|	|	|	|
	|	|	|	|	|	|	|	|	|	|	|	+--->(span)
	|	|	|	|	|	|	|	|	|	|	|
	|	|	|	|	|	|	|	|	|	|	+--->(span)
	|	|	|	|	|	|	|	|	|	|	|	|
	|	|	|	|	|	|	|	|	|	|	|	+--->(span)
	|	|	|	|	|	|	|	|	|	|	|
	|	|	|	|	|	|	|	|	|	|	+--->(a)
	|	|	|	|	|	|	|	|	|	|	|	|
	|	|	|	|	|	|	|	|	|	|	|	+--->(span)
	|	|	|	|	|	|	|	|
	|	|	|	|	|	|	|	+--->(li)
	|	|	|	|	|	|	|	|	|
	|	|	|	|	|	|	|	|	+--->(p)
	|	|	|	|	|	|	|	|	|	|
	|	|	|	|	|	|	|	|	|	+--->(span)
	|	|	|	|	|	|	|	|	|
	|	|	|	|	|	|	|	|	+--->(div)
	|	|	|	|	|	|	|	|	|	|
	|	|	|	|	|	|	|	|	|	+--->(div)
	|	|	|	|	|	|	|	|	|	|	|
	|	|	|	|	|	|	|	|	|	|	+--->(span)
	|	|	|	|	|	|	|	|	|	|	|	|
	|	|	|	|	|	|	|	|	|	|	|	+--->(a)
	|	|	|	|	|	|	|	|	|	|	|
	|	|	|	|	|	|	|	|	|	|	+--->(span)
	|	|	|	|	|	|	|	|	|	|	|	|
	|	|	|	|	|	|	|	|	|	|	|	+--->(span)
	|	|	|	|	|	|	|	|
	|	|	|	|	|	|	|	+--->(li)
	|	|	|	|	|	|	|	|	|
	|	|	|	|	|	|	|	|	+--->(p)
	|	|	|	|	|	|	|	|	|	|
	|	|	|	|	|	|	|	|	|	+--->(span)
	|	|	|	|	|	|	|	|	|
	|	|	|	|	|	|	|	|	+--->(div)
	|	|	|	|	|	|	|	|	|	|
	|	|	|	|	|	|	|	|	|	+--->(div)
	|	|	|	|	|	|	|	|	|	|	|
	|	|	|	|	|	|	|	|	|	|	+--->(span)
	|	|	|	|	|	|	|	|	|	|	|	|
	|	|	|	|	|	|	|	|	|	|	|	+--->(a)
	|	|	|	|	|	|	|	|	|	|	|
	|	|	|	|	|	|	|	|	|	|	+--->(span)
	|	|	|	|	|	|	|	|	|	|	|	|
	|	|	|	|	|	|	|	|	|	|	|	+--->(span)
	|	|	|	|	|	|	|	|
	|	|	|	|	|	|	|	+--->(li)
	|	|	|	|	|	|	|	|	|
	|	|	|	|	|	|	|	|	+--->(p)
	|	|	|	|	|	|	|	|	|	|
	|	|	|	|	|	|	|	|	|	+--->(span)
	|	|	|	|	|	|	|	|	|
	|	|	|	|	|	|	|	|	+--->(div)
	|	|	|	|	|	|	|	|	|	|
	|	|	|	|	|	|	|	|	|	+--->(div)
	|	|	|	|	|	|	|	|	|	|	|
	|	|	|	|	|	|	|	|	|	|	+--->(span)
	|	|	|	|	|	|	|	|	|	|	|	|
	|	|	|	|	|	|	|	|	|	|	|	+--->(a)
	|	|	|	|	|	|	|	|	|	|	|
	|	|	|	|	|	|	|	|	|	|	+--->(span)
	|	|	|	|	|	|	|	|	|	|	|	|
	|	|	|	|	|	|	|	|	|	|	|	+--->(span)
	|	|	|	|	|	|	|	|
	|	|	|	|	|	|	|	+--->(li)
	|	|	|	|	|	|	|	|	|
	|	|	|	|	|	|	|	|	+--->(p)
	|	|	|	|	|	|	|	|	|	|
	|	|	|	|	|	|	|	|	|	+--->(span)
	|	|	|	|	|	|	|	|	|
	|	|	|	|	|	|	|	|	+--->(div)
	|	|	|	|	|	|	|	|	|	|
	|	|	|	|	|	|	|	|	|	+--->(div)
	|	|	|	|	|	|	|	|	|	|	|
	|	|	|	|	|	|	|	|	|	|	+--->(span)
	|	|	|	|	|	|	|	|	|	|	|	|
	|	|	|	|	|	|	|	|	|	|	|	+--->(a)
	|	|	|	|	|	|	|	|	|	|	|
	|	|	|	|	|	|	|	|	|	|	+--->(span)
	|	|	|	|	|	|	|	|	|	|	|	|
	|	|	|	|	|	|	|	|	|	|	|	+--->(span)
	|	|	|	|	|	|	|	|
	|	|	|	|	|	|	|	+--->(li)
	|	|	|	|	|	|	|	|	|
	|	|	|	|	|	|	|	|	+--->(p)
	|	|	|	|	|	|	|	|	|	|
	|	|	|	|	|	|	|	|	|	+--->(span)
	|	|	|	|	|	|	|	|	|
	|	|	|	|	|	|	|	|	+--->(div)
	|	|	|	|	|	|	|	|	|	|
	|	|	|	|	|	|	|	|	|	+--->(div)
	|	|	|	|	|	|	|	|	|	|	|
	|	|	|	|	|	|	|	|	|	|	+--->(span)
	|	|	|	|	|	|	|	|	|	|	|	|
	|	|	|	|	|	|	|	|	|	|	|	+--->(a)
	|	|	|	|	|	|	|	|	|	|	|
	|	|	|	|	|	|	|	|	|	|	+--->(span)
	|	|	|	|	|	|	|	|	|	|	|	|
	|	|	|	|	|	|	|	|	|	|	|	+--->(span)
	|	|	|	|	|	|
	|	|	|	|	|	+--->(div)
	|	|	|	|	|	|	|
	|	|	|	|	|	|	+--->(button)
	|	|	|	|	|	|	|	|
	|	|	|	|	|	|	|	+--->(strong)
	|	|	|	|	|	|	|
	|	|	|	|	|	|	+--->(button)
	|	|	|	|	|	|	|	|
	|	|	|	|	|	|	|	+--->(strong)
	|	|	|	|	|	|	|
	|	|	|	|	|	|	+--->(div)
	|	|	|	|	|	|	|	|
	|	|	|	|	|	|	|	+--->(button)
	|	|	|	|	|	|	|	|	|
	|	|	|	|	|	|	|	|	+--->(span)
	|	|	|	|	|	|	|	|
	|	|	|	|	|	|	|	+--->(button)
	|	|	|	|	|	|	|	|	|
	|	|	|	|	|	|	|	|	+--->(span)
	|	|	|	|
	|	|	|	+--->(div)
	|	|	|
	|	|	+--->(h2)
	|	|	|	|
	|	|	|	+--->(span)
	|	|	|	|
	|	|	|	+--->(span)
	|	|	|	|
	|	|	|	+--->(span)
	|	|	|
	|	|	+--->(div)
	|	|	|
	|	|	+--->(div)
	|	|	|	|
	|	|	|	+--->(section)
	|	|	|	|	|
	|	|	|	|	+--->(div)
	|	|	|	|	|	|
	|	|	|	|	|	+--->(div)
	|	|	|	|	|	|	|
	|	|	|	|	|	|	+--->(span)
	|	|	|	|	|	|
	|	|	|	|	|	+--->(div)
	|	|	|	|	|	|	|
	|	|	|	|	|	|	+--->(div)
	|	|	|	|	|	|	|
	|	|	|	|	|	|	+--->(div)
	|	|	|	|
	|	|	|	+--->(hr)
	|	|	|	|
	|	|	|	+--->(section)
	|	|	|	|	|
	|	|	|	|	+--->(div)
	|	|	|	|	|	|
	|	|	|	|	|	+--->(span)
	|	|	|	|	|	|	|
	|	|	|	|	|	|	+--->(span)
	|	|	|	|	|
	|	|	|	|	+--->(div)
	|	|	|	|	|	|
	|	|	|	|	|	+--->(div)
	|	|	|	|	|	|	|
	|	|	|	|	|	|	+--->(span)
	|	|	|	|	|	|	|	|
	|	|	|	|	|	|	|	+--->(span)
	|	|	|	|	|	|	|
	|	|	|	|	|	|	+--->(span)
	|	|	|	|	|	|
	|	|	|	|	|	+--->(div)
	|	|	|	|	|	|	|
	|	|	|	|	|	|	+--->(span)
	|	|	|	|	|	|	|
	|	|	|	|	|	|	+--->(span)
	|	|	|	|	|	|	|	|
	|	|	|	|	|	|	|	+--->(a)
	|	|	|	|	|	|
	|	|	|	|	|	+--->(div)
	|	|	|	|	|	|	|
	|	|	|	|	|	|	+--->(span)
	|	|	|	|	|	|	|	|
	|	|	|	|	|	|	|	+--->(span)
	|	|	|	|	|	|	|
	|	|	|	|	|	|	+--->(span)
	|	|	|	|	|	|
	|	|	|	|	|	+--->(div)
	|	|	|	|	|	|	|
	|	|	|	|	|	|	+--->(span)
	|	|	|
	|	|	+--->(section)
	|	|	|	|
	|	|	|	+--->(div)
	|	|	|
	|	|	+--->(div)
	|
	+--->(div)
