(html)
	(head)
		(meta)
		(meta)
		(meta)
		(title)
	(body)
		(main)
			(aside)
				(aside)
			(section)
				(section)
					(section)
						(ul)
							(li)
								(a)
							(li)
								(a)
							(li)
								(a)
							(li)
								(a)
					(div)
						(section)
							(div)
								(div)
									(h1)
									(sup)
								(div)
									(h3)
										(span)
									(div)
										(div)
											(div)
												(span)
													(span)
													(span)
													(span)
												(button)
											(div)
												(span)
												(button)